<?xml version="1.0" encoding="UTF-8"?>
<!-- Generated by org.testng.reporters.JUnitReportReporter -->
<testsuite skipped="0" hostname="DESKTOP-JOD0GC0" name="testSuites.CreatePharmaOrderTest" tests="2" failures="0" timestamp="06 Jan 2021 14:20:02 GMT" time="78.779" errors="0">
  <testcase name="CreatePharmaOrder" time="62.553" classname="testSuites.CreatePharmaOrderTest"/>
  <testcase name="CheckPharmaOrderDisplayedInJourney" time="16.226" classname="testSuites.CreatePharmaOrderTest"/>
</testsuite> <!-- testSuites.CreatePharmaOrderTest -->
