<?xml version="1.0" encoding="UTF-8"?>
<!-- Generated by org.testng.reporters.JUnitReportReporter -->
<testsuite skipped="0" hostname="LAPTOP-I21M0NNO" name="testSuites.homeTest" tests="20" failures="0" timestamp="2021-01-21T17:27:10 EET" time="128.702" errors="0">
  <testcase name="checkImInHome" time="6.235" classname="testSuites.homeTest"/>
  <system-out/>
  <testcase name="checkPointsCount" time="4.061" classname="testSuites.homeTest"/>
  <system-out/>
  <testcase name="openPointsPage" time="1.305" classname="testSuites.homeTest"/>
  <system-out/>
  <testcase name="checkPointcounterinPage" time="0.570" classname="testSuites.homeTest"/>
  <system-out/>
  <testcase name="bonusPointsCount" time="0.068" classname="testSuites.homeTest"/>
  <system-out/>
  <testcase name="pointhistory" time="2.432" classname="testSuites.homeTest"/>
  <system-out/>
  <testcase name="howToGainPoints" time="2.002" classname="testSuites.homeTest"/>
  <system-out/>
  <testcase name="redeemPoints" time="22.808" classname="testSuites.homeTest"/>
  <system-out/>
  <testcase name="shareAndEarnButton" time="3.402" classname="testSuites.homeTest"/>
  <system-out/>
  <testcase name="bookAdocbtn" time="5.580" classname="testSuites.homeTest"/>
  <system-out/>
  <testcase name="orderMdes" time="11.227" classname="testSuites.homeTest"/>
  <system-out/>
  <testcase name="checkup" time="5.957" classname="testSuites.homeTest"/>
  <system-out/>
  <testcase name="upcomingBookings" time="17.919" classname="testSuites.homeTest"/>
  <system-out/>
  <testcase name="activeorders" time="14.049" classname="testSuites.homeTest"/>
  <system-out/>
  <testcase name="trendingItems" time="6.444" classname="testSuites.homeTest"/>
  <system-out/>
  <testcase name="popularDoctor" time="6.009" classname="testSuites.homeTest"/>
  <system-out/>
  <testcase name="tipofthedaynew" time="6.106" classname="testSuites.homeTest"/>
  <system-out/>
  <testcase name="tipofthedayOLD" time="3.938" classname="testSuites.homeTest"/>
  <system-out/>
  <testcase name="videos" time="4.975" classname="testSuites.homeTest"/>
  <system-out/>
  <testcase name="labsandScans" time="3.615" classname="testSuites.homeTest"/>
  <system-out/>
</testsuite> <!-- testSuites.homeTest -->
